<?xml version="1.0" encoding="UTF-8"?>
<!-- Generated by org.testng.reporters.JUnitReportReporter -->
<testsuite skipped="0" hostname="IN-HBharish-1" name="com.ta3s.testcases.LoginTest" tests="1" failures="0" timestamp="28 Mar 2017 05:28:10 GMT" time="14.685" errors="0">
  <testcase name="SignIn" time="14.685" classname="com.ta3s.testcases.LoginTest"/>
</testsuite> <!-- com.ta3s.testcases.LoginTest -->
